Started GET "/" for ::1 at 2021-07-07 17:01:53 +0530
Processing by Rails::WelcomeController#index as HTML
  Rendering /Users/tarunkantiwal/.rvm/gems/ruby-2.5.1@messageme/gems/railties-5.2.6/lib/rails/templates/rails/welcome/index.html.erb
  Rendered /Users/tarunkantiwal/.rvm/gems/ruby-2.5.1@messageme/gems/railties-5.2.6/lib/rails/templates/rails/welcome/index.html.erb (2.8ms)
Completed 200 OK in 18ms (Views: 11.3ms | ActiveRecord: 0.0ms)


Started GET "/" for ::1 at 2021-07-10 19:32:02 +0530
Processing by ChatroomController#index as HTML
  Rendering chatroom/index.html.erb within layouts/application
  Rendered chatroom/index.html.erb within layouts/application (1.2ms)
Completed 200 OK in 824ms (Views: 816.5ms | ActiveRecord: 0.0ms)


Started GET "/login" for ::1 at 2021-07-10 19:32:12 +0530
Processing by SessionsController#new as HTML
  Rendering sessions/new.html.erb within layouts/application
  Rendered sessions/new.html.erb within layouts/application (0.4ms)
Completed 200 OK in 25ms (Views: 20.7ms | ActiveRecord: 0.0ms)


Started GET "/login" for ::1 at 2021-07-10 19:40:22 +0530
Processing by SessionsController#new as HTML
  Rendering sessions/new.html.erb within layouts/application
  Rendered sessions/new.html.erb within layouts/application (0.5ms)
Completed 500 Internal Server Error in 64ms (ActiveRecord: 0.0ms)


  
ActionView::Template::Error (File to import not found or unreadable: semantic-ui.
Load paths:
  /Users/tarunkantiwal/Desktop/RailsCode/message_me/app/assets/config
  /Users/tarunkantiwal/Desktop/RailsCode/message_me/app/assets/images
  /Users/tarunkantiwal/Desktop/RailsCode/message_me/app/assets/javascripts
  /Users/tarunkantiwal/Desktop/RailsCode/message_me/app/assets/stylesheets
  /Users/tarunkantiwal/.rvm/gems/ruby-2.5.1@messageme/gems/coffee-rails-4.2.2/lib/assets/javascripts
  /Users/tarunkantiwal/.rvm/gems/ruby-2.5.1@messageme/gems/actioncable-5.2.6/lib/assets/compiled
  /Users/tarunkantiwal/.rvm/gems/ruby-2.5.1@messageme/gems/activestorage-5.2.6/app/assets/javascripts
  /Users/tarunkantiwal/.rvm/gems/ruby-2.5.1@messageme/gems/actionview-5.2.6/lib/assets/compiled
  /Users/tarunkantiwal/.rvm/gems/ruby-2.5.1@messageme/gems/turbolinks-source-5.2.0/lib/assets/javascripts
  /Users/tarunkantiwal/Desktop/RailsCode/message_me/node_modules):
     5:     <%= csrf_meta_tags %>
     6:     <%= csp_meta_tag %>
     7: 
     8:     <%= stylesheet_link_tag    'application', media: 'all', 'data-turbolinks-track': 'reload' %>
     9:     <%= javascript_include_tag 'application', 'data-turbolinks-track': 'reload' %>
    10:   </head>
    11: 
  
app/assets/stylesheets/custom.css.scss:1
app/views/layouts/application.html.erb:8:in `_app_views_layouts_application_html_erb___3232066503939357555_70231112802940'
Started GET "/login" for ::1 at 2021-07-10 19:42:03 +0530
Processing by SessionsController#new as HTML
  Rendering sessions/new.html.erb within layouts/application
  Rendered sessions/new.html.erb within layouts/application (1.5ms)
Completed 200 OK in 12971ms (Views: 12963.4ms | ActiveRecord: 0.0ms)


Started GET "/login" for ::1 at 2021-07-10 19:46:08 +0530
Processing by SessionsController#new as HTML
  Rendering sessions/new.html.erb within layouts/application
  Rendered sessions/new.html.erb within layouts/application (0.3ms)
Completed 200 OK in 83ms (Views: 78.4ms | ActiveRecord: 0.0ms)


Started GET "/login" for ::1 at 2021-07-10 19:46:52 +0530
Processing by SessionsController#new as HTML
  Rendering sessions/new.html.erb within layouts/application
  Rendered sessions/new.html.erb within layouts/application (0.4ms)
Completed 200 OK in 82ms (Views: 78.7ms | ActiveRecord: 0.0ms)


Started GET "/login" for ::1 at 2021-07-10 19:47:03 +0530
Processing by SessionsController#new as HTML
  Rendering sessions/new.html.erb within layouts/application
  Rendered sessions/new.html.erb within layouts/application (0.3ms)
Completed 200 OK in 59ms (Views: 56.4ms | ActiveRecord: 0.0ms)


Started GET "/login" for ::1 at 2021-07-10 19:48:58 +0530
Processing by SessionsController#new as HTML
  Rendering sessions/new.html.erb within layouts/application
  Rendered sessions/new.html.erb within layouts/application (0.6ms)
Completed 200 OK in 88ms (Views: 85.2ms | ActiveRecord: 0.0ms)


Started GET "/login" for ::1 at 2021-07-10 19:49:10 +0530
Processing by SessionsController#new as HTML
  Rendering sessions/new.html.erb within layouts/application
  Rendered sessions/new.html.erb within layouts/application (0.4ms)
Completed 200 OK in 62ms (Views: 58.9ms | ActiveRecord: 0.0ms)


Started GET "/login" for ::1 at 2021-07-10 19:49:40 +0530
Processing by SessionsController#new as HTML
  Rendering sessions/new.html.erb within layouts/application
  Rendered sessions/new.html.erb within layouts/application (0.3ms)
Completed 200 OK in 73ms (Views: 71.1ms | ActiveRecord: 0.0ms)


Started GET "/login" for ::1 at 2021-07-10 19:49:55 +0530
Processing by SessionsController#new as HTML
  Rendering sessions/new.html.erb within layouts/application
  Rendered sessions/new.html.erb within layouts/application (0.5ms)
Completed 200 OK in 82ms (Views: 78.6ms | ActiveRecord: 0.0ms)


Started GET "/" for ::1 at 2021-07-10 19:49:58 +0530
Processing by ChatroomController#index as HTML
  Rendering chatroom/index.html.erb within layouts/application
  Rendered chatroom/index.html.erb within layouts/application (0.4ms)
Completed 200 OK in 67ms (Views: 62.9ms | ActiveRecord: 0.0ms)


Started GET "/" for ::1 at 2021-07-10 19:53:38 +0530
Processing by ChatroomController#index as HTML
  Rendering chatroom/index.html.erb within layouts/application
  Rendered chatroom/index.html.erb within layouts/application (1.1ms)
Completed 200 OK in 1076ms (Views: 1069.2ms | ActiveRecord: 0.0ms)


Started GET "/" for ::1 at 2021-07-10 19:54:56 +0530
Processing by ChatroomController#index as HTML
  Rendering chatroom/index.html.erb within layouts/application
  Rendered chatroom/index.html.erb within layouts/application (0.3ms)
Completed 200 OK in 63ms (Views: 59.6ms | ActiveRecord: 0.0ms)


Started GET "/" for ::1 at 2021-07-10 19:56:22 +0530
Processing by ChatroomController#index as HTML
  Rendering chatroom/index.html.erb within layouts/application
  Rendered chatroom/index.html.erb within layouts/application (0.4ms)
  Rendered layouts/_navigation.html.erb (0.5ms)
Completed 200 OK in 74ms (Views: 71.7ms | ActiveRecord: 0.0ms)


Started GET "/" for ::1 at 2021-07-10 19:56:23 +0530
Processing by ChatroomController#index as HTML
  Rendering chatroom/index.html.erb within layouts/application
  Rendered chatroom/index.html.erb within layouts/application (0.3ms)
  Rendered layouts/_navigation.html.erb (0.3ms)
Completed 200 OK in 66ms (Views: 62.8ms | ActiveRecord: 0.0ms)


Started GET "/" for ::1 at 2021-07-10 19:56:23 +0530
Processing by ChatroomController#index as HTML
  Rendering chatroom/index.html.erb within layouts/application
  Rendered chatroom/index.html.erb within layouts/application (0.4ms)
  Rendered layouts/_navigation.html.erb (0.3ms)
Completed 200 OK in 71ms (Views: 69.1ms | ActiveRecord: 0.0ms)


Started GET "/" for ::1 at 2021-07-10 19:56:24 +0530
Processing by ChatroomController#index as HTML
  Rendering chatroom/index.html.erb within layouts/application
  Rendered chatroom/index.html.erb within layouts/application (0.2ms)
  Rendered layouts/_navigation.html.erb (0.5ms)
Completed 200 OK in 59ms (Views: 56.6ms | ActiveRecord: 0.0ms)


Started GET "/" for ::1 at 2021-07-10 19:56:24 +0530
Processing by ChatroomController#index as HTML
  Rendering chatroom/index.html.erb within layouts/application
  Rendered chatroom/index.html.erb within layouts/application (0.4ms)
  Rendered layouts/_navigation.html.erb (0.2ms)
Completed 200 OK in 83ms (Views: 79.7ms | ActiveRecord: 0.0ms)


Started GET "/" for ::1 at 2021-07-10 20:01:31 +0530
Processing by ChatroomController#index as HTML
  Rendering chatroom/index.html.erb within layouts/application
  Rendered chatroom/index.html.erb within layouts/application (0.4ms)
  Rendered layouts/_navigation.html.erb (0.5ms)
Completed 200 OK in 263ms (Views: 260.4ms | ActiveRecord: 0.0ms)


Started GET "/" for ::1 at 2021-07-10 20:02:16 +0530
Processing by ChatroomController#index as HTML
  Rendering chatroom/index.html.erb within layouts/application
  Rendered chatroom/index.html.erb within layouts/application (0.3ms)
  Rendered layouts/_navigation.html.erb (0.4ms)
Completed 200 OK in 375ms (Views: 368.9ms | ActiveRecord: 0.0ms)


Started GET "/" for ::1 at 2021-07-10 20:12:40 +0530
Processing by ChatroomController#index as HTML
  Rendering chatroom/index.html.erb within layouts/application
  Rendered chatroom/index.html.erb within layouts/application (0.8ms)
  Rendered layouts/_navigation.html.erb (0.4ms)
Completed 200 OK in 135ms (Views: 131.9ms | ActiveRecord: 0.0ms)


Started GET "/" for ::1 at 2021-07-10 20:12:50 +0530
Processing by ChatroomController#index as HTML
  Rendering chatroom/index.html.erb within layouts/application
  Rendered chatroom/index.html.erb within layouts/application (0.3ms)
  Rendered layouts/_navigation.html.erb (0.4ms)
Completed 200 OK in 90ms (Views: 87.4ms | ActiveRecord: 0.0ms)


Started GET "/" for ::1 at 2021-07-10 20:13:01 +0530
Processing by ChatroomController#index as HTML
  Rendering chatroom/index.html.erb within layouts/application
  Rendered chatroom/index.html.erb within layouts/application (0.3ms)
  Rendered layouts/_navigation.html.erb (0.4ms)
Completed 200 OK in 84ms (Views: 80.8ms | ActiveRecord: 0.0ms)


Started GET "/" for ::1 at 2021-07-10 20:13:01 +0530
Processing by ChatroomController#index as HTML
  Rendering chatroom/index.html.erb within layouts/application
  Rendered chatroom/index.html.erb within layouts/application (0.3ms)
  Rendered layouts/_navigation.html.erb (0.3ms)
Completed 200 OK in 79ms (Views: 75.5ms | ActiveRecord: 0.0ms)


Started GET "/" for ::1 at 2021-07-10 20:29:47 +0530
Processing by ChatroomController#index as HTML
  Rendering chatroom/index.html.erb within layouts/application
  Rendered chatroom/index.html.erb within layouts/application (0.4ms)
  Rendered layouts/_navigation.html.erb (0.4ms)
Completed 200 OK in 78ms (Views: 75.2ms | ActiveRecord: 0.0ms)


Started GET "/" for ::1 at 2021-07-10 20:30:27 +0530
Processing by ChatroomController#index as HTML
  Rendering chatroom/index.html.erb within layouts/application
  Rendered chatroom/index.html.erb within layouts/application (0.3ms)
  Rendered layouts/_navigation.html.erb (0.4ms)
Completed 200 OK in 73ms (Views: 69.8ms | ActiveRecord: 0.0ms)


Started GET "/" for ::1 at 2021-07-10 20:32:44 +0530
Processing by ChatroomController#index as HTML
  Rendering chatroom/index.html.erb within layouts/application
  Rendered chatroom/index.html.erb within layouts/application (0.4ms)
  Rendered layouts/_navigation.html.erb (0.5ms)
Completed 200 OK in 107ms (Views: 102.1ms | ActiveRecord: 0.0ms)


Started GET "/" for ::1 at 2021-07-10 20:35:16 +0530
Processing by ChatroomController#index as HTML
  Rendering chatroom/index.html.erb within layouts/application
  Rendered chatroom/index.html.erb within layouts/application (0.5ms)
  Rendered layouts/_navigation.html.erb (0.4ms)
Completed 200 OK in 111ms (Views: 106.3ms | ActiveRecord: 0.0ms)


Started GET "/" for ::1 at 2021-07-10 20:35:50 +0530
Processing by ChatroomController#index as HTML
  Rendering chatroom/index.html.erb within layouts/application
  Rendered chatroom/index.html.erb within layouts/application (0.3ms)
  Rendered layouts/_navigation.html.erb (0.4ms)
Completed 200 OK in 85ms (Views: 81.7ms | ActiveRecord: 0.0ms)


Started GET "/" for ::1 at 2021-07-10 20:36:44 +0530
Processing by ChatroomController#index as HTML
  Rendering chatroom/index.html.erb within layouts/application
  Rendered chatroom/index.html.erb within layouts/application (0.4ms)
  Rendered layouts/_navigation.html.erb (0.3ms)
Completed 200 OK in 81ms (Views: 78.3ms | ActiveRecord: 0.0ms)


Started GET "/" for ::1 at 2021-07-10 20:36:45 +0530
Processing by ChatroomController#index as HTML
  Rendering chatroom/index.html.erb within layouts/application
  Rendered chatroom/index.html.erb within layouts/application (0.3ms)
  Rendered layouts/_navigation.html.erb (0.4ms)
Completed 200 OK in 154ms (Views: 151.1ms | ActiveRecord: 0.0ms)


Started GET "/" for ::1 at 2021-07-10 20:43:22 +0530
Processing by ChatroomController#index as HTML
  Rendering chatroom/index.html.erb within layouts/application
  Rendered chatroom/index.html.erb within layouts/application (0.5ms)
  Rendered layouts/_navigation.html.erb (0.4ms)
Completed 200 OK in 146ms (Views: 143.2ms | ActiveRecord: 0.0ms)


Started GET "/" for ::1 at 2021-07-10 20:48:12 +0530
Processing by ChatroomController#index as HTML
  Rendering chatroom/index.html.erb within layouts/application
  Rendered chatroom/index.html.erb within layouts/application (0.6ms)
  Rendered layouts/_navigation.html.erb (3.5ms)
Completed 200 OK in 99ms (Views: 96.3ms | ActiveRecord: 0.0ms)


Started GET "/" for ::1 at 2021-07-10 20:55:53 +0530
Processing by ChatroomController#index as HTML
  Rendering chatroom/index.html.erb within layouts/application
  Rendered chatroom/index.html.erb within layouts/application (0.5ms)
  Rendered layouts/_navigation.html.erb (0.5ms)
Completed 200 OK in 140ms (Views: 136.6ms | ActiveRecord: 0.0ms)


Started GET "/login" for ::1 at 2021-07-10 20:55:56 +0530
Processing by SessionsController#new as HTML
  Rendering sessions/new.html.erb within layouts/application
  Rendered sessions/new.html.erb within layouts/application (0.3ms)
  Rendered layouts/_navigation.html.erb (0.4ms)
Completed 200 OK in 82ms (Views: 77.8ms | ActiveRecord: 0.0ms)


Started GET "/login" for ::1 at 2021-07-10 20:57:55 +0530
Processing by SessionsController#new as HTML
  Rendering sessions/new.html.erb within layouts/application
  Rendered sessions/new.html.erb within layouts/application (0.3ms)
  Rendered layouts/_navigation.html.erb (1.0ms)
Completed 200 OK in 105ms (Views: 101.8ms | ActiveRecord: 0.0ms)


Started GET "/login" for ::1 at 2021-07-10 20:58:00 +0530
Processing by SessionsController#new as HTML
  Rendering sessions/new.html.erb within layouts/application
  Rendered sessions/new.html.erb within layouts/application (0.4ms)
  Rendered layouts/_navigation.html.erb (0.7ms)
Completed 200 OK in 87ms (Views: 83.5ms | ActiveRecord: 0.0ms)


Started GET "/login" for ::1 at 2021-07-10 20:58:58 +0530
Processing by SessionsController#new as HTML
  Rendering sessions/new.html.erb within layouts/application
  Rendered sessions/new.html.erb within layouts/application (0.4ms)
  Rendered layouts/_navigation.html.erb (0.6ms)
Completed 200 OK in 210ms (Views: 206.1ms | ActiveRecord: 0.0ms)


Started GET "/" for ::1 at 2021-07-10 20:58:59 +0530
Processing by ChatroomController#index as HTML
  Rendering chatroom/index.html.erb within layouts/application
  Rendered chatroom/index.html.erb within layouts/application (0.3ms)
  Rendered layouts/_navigation.html.erb (0.8ms)
Completed 200 OK in 66ms (Views: 62.6ms | ActiveRecord: 0.0ms)


Started GET "/" for ::1 at 2021-07-10 20:59:02 +0530
Processing by ChatroomController#index as HTML
  Rendering chatroom/index.html.erb within layouts/application
  Rendered chatroom/index.html.erb within layouts/application (0.6ms)
  Rendered layouts/_navigation.html.erb (0.7ms)
Completed 200 OK in 67ms (Views: 63.3ms | ActiveRecord: 0.0ms)


Started GET "/login" for ::1 at 2021-07-10 20:59:52 +0530
Processing by SessionsController#new as HTML
  Rendering sessions/new.html.erb within layouts/application
  Rendered sessions/new.html.erb within layouts/application (0.5ms)
  Rendered layouts/_navigation.html.erb (0.7ms)
Completed 200 OK in 82ms (Views: 76.3ms | ActiveRecord: 0.0ms)


Started GET "/login" for ::1 at 2021-07-10 20:59:56 +0530
Processing by SessionsController#new as HTML
  Rendering sessions/new.html.erb within layouts/application
  Rendered sessions/new.html.erb within layouts/application (1.5ms)
  Rendered layouts/_navigation.html.erb (0.5ms)
Completed 200 OK in 73ms (Views: 69.9ms | ActiveRecord: 0.0ms)


Started GET "/" for ::1 at 2021-07-10 21:00:04 +0530
Processing by ChatroomController#index as HTML
  Rendering chatroom/index.html.erb within layouts/application
  Rendered chatroom/index.html.erb within layouts/application (0.7ms)
  Rendered layouts/_navigation.html.erb (0.4ms)
Completed 200 OK in 85ms (Views: 82.1ms | ActiveRecord: 0.0ms)


Started GET "/" for ::1 at 2021-07-10 21:00:05 +0530
Processing by ChatroomController#index as HTML
  Rendering chatroom/index.html.erb within layouts/application
  Rendered chatroom/index.html.erb within layouts/application (0.3ms)
  Rendered layouts/_navigation.html.erb (0.7ms)
Completed 200 OK in 82ms (Views: 77.2ms | ActiveRecord: 0.0ms)


Started GET "/login" for ::1 at 2021-07-10 21:00:07 +0530
Processing by SessionsController#new as HTML
  Rendering sessions/new.html.erb within layouts/application
  Rendered sessions/new.html.erb within layouts/application (0.3ms)
  Rendered layouts/_navigation.html.erb (0.4ms)
Completed 200 OK in 71ms (Views: 67.8ms | ActiveRecord: 0.0ms)


